\BOOKMARK [0][-]{chapter*.2}{List of Tables}{}% 1
\BOOKMARK [0][-]{chapter*.3}{List of Figures}{}% 2
\BOOKMARK [0][-]{chapter*.4}{List of Abbreviations and Symbols}{}% 3
\BOOKMARK [0][-]{chapter.1}{1 Introduction}{}% 4
\BOOKMARK [1][-]{section.1.1}{1.1 Game theory models of matching markets}{chapter.1}% 5
\BOOKMARK [1][-]{section.1.2}{1.2 Empirical models of matching markets}{chapter.1}% 6
\BOOKMARK [2][-]{subsection.1.2.1}{1.2.1 US federal clerkship market}{section.1.2}% 7
\BOOKMARK [2][-]{subsection.1.2.2}{1.2.2 The market for forming a coalition government}{section.1.2}% 8
\BOOKMARK [2][-]{subsection.1.2.3}{1.2.3 The FDI market}{section.1.2}% 9
\BOOKMARK [2][-]{subsection.1.2.4}{1.2.4 Recommender system for online two-sided markets}{section.1.2}% 10
\BOOKMARK [2][-]{subsection.1.2.5}{1.2.5 Two-sided models for the labor and marriage markets}{section.1.2}% 11
\BOOKMARK [1][-]{section.1.3}{1.3 Conclusion}{chapter.1}% 12
\BOOKMARK [0][-]{chapter.2}{2 Two-Sided Matching Model}{}% 13
\BOOKMARK [1][-]{section.2.1}{2.1 Modeling firms' decision making}{chapter.2}% 14
\BOOKMARK [1][-]{section.2.2}{2.2 Modeling workers' decision making}{chapter.2}% 15
\BOOKMARK [1][-]{section.2.3}{2.3 Model estimation}{chapter.2}% 16
\BOOKMARK [2][-]{subsection.2.3.1}{2.3.1 Estimating the model using Metropolis-Hastings}{section.2.3}% 17
\BOOKMARK [2][-]{subsection.2.3.2}{2.3.2 Posterior of the opportunity set p\(O|A, , \)}{section.2.3}% 18
\BOOKMARK [2][-]{subsection.2.3.3}{2.3.3 Posterior of firms' preference p\(|A, O, \)}{section.2.3}% 19
\BOOKMARK [2][-]{subsection.2.3.4}{2.3.4 Posterior of workers' preference p\(|A, O, \)}{section.2.3}% 20
\BOOKMARK [2][-]{subsection.2.3.5}{2.3.5 Posterior of 's hyperparameters , }{section.2.3}% 21
\BOOKMARK [1][-]{section.2.4}{2.4 Parameter interpretation}{chapter.2}% 22
\BOOKMARK [1][-]{section.2.5}{2.5 Results for US labor data}{chapter.2}% 23
\BOOKMARK [0][-]{chapter.3}{3 Simulation results}{}% 24
\BOOKMARK [0][-]{chapter.4}{4 FDI}{}% 25
\BOOKMARK [1][-]{section.4.1}{4.1 Introduction}{chapter.4}% 26
\BOOKMARK [1][-]{section.4.2}{4.2 Three Issues in the Literature of FDI's Political Determinants}{chapter.4}% 27
\BOOKMARK [2][-]{subsection.4.2.1}{4.2.1 Measuring MNCs' Activities}{section.4.2}% 28
\BOOKMARK [2][-]{subsection.4.2.2}{4.2.2 Estimating Countries' Demand for FDI}{section.4.2}% 29
\BOOKMARK [2][-]{subsection.4.2.3}{4.2.3 Estimating Countries' Preferences for FDI's Technological Intensity}{section.4.2}% 30
\BOOKMARK [1][-]{section.4.3}{4.3 Applying the Two-Sided Matching Model to Japanese MNCs}{chapter.4}% 31
\BOOKMARK [1][-]{section.4.4}{4.4 Conclusion}{chapter.4}% 32
\BOOKMARK [0][-]{appendix.A}{A Derivation of the Metropolis-Hastings Acceptance Ratio}{}% 33
\BOOKMARK [1][-]{subsection.A.0.1}{A.0.1 Opportunity sets O}{appendix.A}% 34
\BOOKMARK [2][-]{subsection.A.0.2}{A.0.2 Workers' parameters, }{subsection.A.0.1}% 35
\BOOKMARK [2][-]{subsection.A.0.3}{A.0.3 Firms' parameters, }{subsection.A.0.1}% 36
\BOOKMARK [0][-]{equation.A.0.18}{Bibliography}{}% 37
