\BOOKMARK [0][-]{chapter*.1}{Abstract}{}% 1
\BOOKMARK [0][-]{chapter*.3}{List of Tables}{}% 2
\BOOKMARK [0][-]{chapter*.4}{List of Figures}{}% 3
\BOOKMARK [0][-]{chapter*.5}{List of Abbreviations and Symbols}{}% 4
\BOOKMARK [0][-]{chapter*.8}{Acknowledgements}{}% 5
\BOOKMARK [0][-]{chapter.1}{1 Introduction}{}% 6
\BOOKMARK [1][-]{subsection.1.0.1}{1.0.1 History of the game theory}{chapter.1}% 7
\BOOKMARK [2][-]{subsection.1.0.2}{1.0.2 Empirical studies of two-sided matching market}{subsection.1.0.1}% 8
<<<<<<< HEAD
\BOOKMARK [0][-]{chapter.2}{2 Two-Sided Matching Model}{}% 9
\BOOKMARK [1][-]{subsection.2.0.1}{2.0.1 Officials' Utility}{chapter.2}% 10
\BOOKMARK [2][-]{subsection.2.0.2}{2.0.2 Firms' utility}{subsection.2.0.1}% 11
\BOOKMARK [1][-]{section.2.1}{2.1 Model Estimation}{chapter.2}% 12
\BOOKMARK [2][-]{subsection.2.1.1}{2.1.1 Updating the opportunity set}{section.2.1}% 13
\BOOKMARK [2][-]{subsection.2.1.2}{2.1.2 Updating firms' parameters, }{section.2.1}% 14
\BOOKMARK [2][-]{subsection.2.1.3}{2.1.3 Updating countries' parameters, }{section.2.1}% 15
\BOOKMARK [2][-]{subsection.2.1.4}{2.1.4 Update , }{section.2.1}% 16
\BOOKMARK [0][-]{chapter.3}{3 Basic Document Class Features}{}% 17
\BOOKMARK [1][-]{section.3.1}{3.1 Intra-chapter divisions: Sections}{chapter.3}% 18
\BOOKMARK [2][-]{subsection.3.1.1}{3.1.1 Subsections: Wow! Italics!}{section.3.1}% 19
\BOOKMARK [1][-]{section.3.2}{3.2 Let's do some math}{chapter.3}% 20
\BOOKMARK [1][-]{section.3.3}{3.3 Table of Contents Behavior}{chapter.3}% 21
\BOOKMARK [1][-]{section.3.4}{3.4 Figures and footnotes}{chapter.3}% 22
\BOOKMARK [2][-]{subsection.3.4.1}{3.4.1 List of Figures}{section.3.4}% 23
\BOOKMARK [1][-]{section.3.5}{3.5 Table example}{chapter.3}% 24
\BOOKMARK [2][-]{subsection.3.5.1}{3.5.1 Footnotes}{section.3.5}% 25
\BOOKMARK [1][-]{section.3.6}{3.6 Corner cases in formatting, such as very very very long section titles. Man, this goes on forever.}{chapter.3}% 26
\BOOKMARK [2][-]{subsection.3.6.1}{3.6.1 Figure and Table caption cases are neat, and this is an absurdly long subsection heading}{section.3.6}% 27
\BOOKMARK [0][-]{appendix.A}{A Populo Ornatus}{}% 28
\BOOKMARK [0][-]{appendix.A}{Bibliography}{}% 29
\BOOKMARK [0][-]{appendix*.18}{Biography}{}% 30
=======
\BOOKMARK [2][-]{subsection.1.0.3}{1.0.3 The two-sided matching approach}{subsection.1.0.1}% 9
\BOOKMARK [0][-]{chapter.2}{2 Two-Sided Matching Model}{}% 10
\BOOKMARK [1][-]{subsection.2.0.1}{2.0.1 The decision making of firms}{chapter.2}% 11
\BOOKMARK [2][-]{subsection.2.0.2}{2.0.2 Firms' utility}{subsection.2.0.1}% 12
\BOOKMARK [1][-]{section.2.1}{2.1 Model Estimation}{chapter.2}% 13
\BOOKMARK [2][-]{subsection.2.1.1}{2.1.1 Updating the opportunity set}{section.2.1}% 14
\BOOKMARK [2][-]{subsection.2.1.2}{2.1.2 Updating firms' parameters, }{section.2.1}% 15
\BOOKMARK [2][-]{subsection.2.1.3}{2.1.3 Updating countries' parameters, }{section.2.1}% 16
\BOOKMARK [2][-]{subsection.2.1.4}{2.1.4 Update , }{section.2.1}% 17
\BOOKMARK [0][-]{chapter.3}{3 Basic Document Class Features}{}% 18
\BOOKMARK [1][-]{section.3.1}{3.1 Intra-chapter divisions: Sections}{chapter.3}% 19
\BOOKMARK [2][-]{subsection.3.1.1}{3.1.1 Subsections: Wow! Italics!}{section.3.1}% 20
\BOOKMARK [1][-]{section.3.2}{3.2 Let's do some math}{chapter.3}% 21
\BOOKMARK [1][-]{section.3.3}{3.3 Table of Contents Behavior}{chapter.3}% 22
\BOOKMARK [1][-]{section.3.4}{3.4 Figures and footnotes}{chapter.3}% 23
\BOOKMARK [2][-]{subsection.3.4.1}{3.4.1 List of Figures}{section.3.4}% 24
\BOOKMARK [1][-]{section.3.5}{3.5 Table example}{chapter.3}% 25
\BOOKMARK [2][-]{subsection.3.5.1}{3.5.1 Footnotes}{section.3.5}% 26
\BOOKMARK [1][-]{section.3.6}{3.6 Corner cases in formatting, such as very very very long section titles. Man, this goes on forever.}{chapter.3}% 27
\BOOKMARK [2][-]{subsection.3.6.1}{3.6.1 Figure and Table caption cases are neat, and this is an absurdly long subsection heading}{section.3.6}% 28
\BOOKMARK [0][-]{appendix.A}{A Populo Ornatus}{}% 29
\BOOKMARK [0][-]{appendix.A}{Bibliography}{}% 30
\BOOKMARK [0][-]{appendix*.17}{Biography}{}% 31
>>>>>>> 5a25e367faf0028957b544b0025571f85941a03e
